{"uuid":"72b435a7-7c69-4db9-9460-ac949ec62d58","historyId":"776aa8d313ec66504a0b0ec2cff2be2a","fullName":"nonCommerceGUITest.HomePageUITests.checkCurrencySelectedByDefault","labels":[{"name":"package","value":"nonCommerceGUITest.HomePageUITests"},{"name":"testClass","value":"nonCommerceGUITest.HomePageUITests"},{"name":"testMethod","value":"checkCurrencySelectedByDefault"},{"name":"parentSuite","value":"Suite"},{"name":"suite","value":"Test"},{"name":"subSuite","value":"nonCommerceGUITest.HomePageUITests"},{"name":"host","value":"DESKTOP-F6VV9DO"},{"name":"thread","value":"14592@DESKTOP-F6VV9DO.main(1)"},{"name":"framework","value":"testng"},{"name":"language","value":"java"}],"links":[],"name":"Make sure currency selected by default is US dollar","status":"failed","statusDetails":{"known":false,"muted":false,"flaky":false,"message":"Verification \"ValidateElementAttribute\" FAILED. Expected \"Value Should be 'US Dollar' for the 'text' attribute, element locator 'By.xpath: //select[@id='customerCurrency']//option[1]'\" and Actual \"Failed to read the desired element attribute\". Comparison Type \"EQUALS\". Validation Type \"POSITIVE\".","trace":"java.lang.AssertionError: Verification \"ValidateElementAttribute\" FAILED. Expected \"Value Should be 'US Dollar' for the 'text' attribute, element locator 'By.xpath: //select[@id='customerCurrency']//option[1]'\" and Actual \"Failed to read the desired element attribute\". Comparison Type \"EQUALS\". Validation Type \"POSITIVE\".\r\n\tat com.shaft.validation.ValidationsHelper.reportValidationState(ValidationsHelper.java:715)\r\n\tat com.shaft.validation.ValidationsHelper.fail(ValidationsHelper.java:428)\r\n\tat com.shaft.validation.ValidationsHelper.validateElementAttribute(ValidationsHelper.java:154)\r\n\tat com.shaft.validation.ValidationsExecutor.perform(ValidationsExecutor.java:144)\r\n\tat nonCommerceGUITest.HomePageUITests.checkCurrencySelectedByDefault(HomePageUITests.java:26)\r\n\tat java.base/jdk.internal.reflect.NativeMethodAccessorImpl.invoke0(Native Method)\r\n\tat java.base/jdk.internal.reflect.NativeMethodAccessorImpl.invoke(NativeMethodAccessorImpl.java:77)\r\n\tat java.base/jdk.internal.reflect.DelegatingMethodAccessorImpl.invoke(DelegatingMethodAccessorImpl.java:43)\r\n\tat java.base/java.lang.reflect.Method.invoke(Method.java:568)\r\n\tat org.testng.internal.invokers.MethodInvocationHelper.invokeMethod(MethodInvocationHelper.java:139)\r\n\tat org.testng.internal.invokers.TestInvoker.invokeMethod(TestInvoker.java:677)\r\n\tat org.testng.internal.invokers.TestInvoker.invokeTestMethod(TestInvoker.java:221)\r\n\tat org.testng.internal.invokers.MethodRunner.runInSequence(MethodRunner.java:50)\r\n\tat org.testng.internal.invokers.TestInvoker$MethodInvocationAgent.invoke(TestInvoker.java:969)\r\n\tat org.testng.internal.invokers.TestInvoker.invokeTestMethods(TestInvoker.java:194)\r\n\tat org.testng.internal.invokers.TestMethodWorker.invokeTestMethods(TestMethodWorker.java:148)\r\n\tat org.testng.internal.invokers.TestMethodWorker.run(TestMethodWorker.java:128)\r\n\tat java.base/java.util.ArrayList.forEach(ArrayList.java:1511)\r\n\tat org.testng.TestRunner.privateRun(TestRunner.java:829)\r\n\tat org.testng.TestRunner.run(TestRunner.java:602)\r\n\tat org.testng.SuiteRunner.runTest(SuiteRunner.java:437)\r\n\tat org.testng.SuiteRunner.runSequentially(SuiteRunner.java:431)\r\n\tat org.testng.SuiteRunner.privateRun(SuiteRunner.java:391)\r\n\tat org.testng.SuiteRunner.run(SuiteRunner.java:330)\r\n\tat org.testng.SuiteRunnerWorker.runSuite(SuiteRunnerWorker.java:52)\r\n\tat org.testng.SuiteRunnerWorker.run(SuiteRunnerWorker.java:95)\r\n\tat org.testng.TestNG.runSuitesSequentially(TestNG.java:1256)\r\n\tat org.testng.TestNG.runSuitesLocally(TestNG.java:1176)\r\n\tat org.testng.TestNG.runSuites(TestNG.java:1099)\r\n\tat org.testng.TestNG.run(TestNG.java:1067)\r\n\tat org.testng.remote.AbstractRemoteTestNG.run(AbstractRemoteTestNG.java:115)\r\n\tat org.testng.remote.RemoteTestNG.initAndRun(RemoteTestNG.java:251)\r\n\tat org.testng.remote.RemoteTestNG.main(RemoteTestNG.java:77)\r\n"},"stage":"finished","steps":[{"name":"Verification Failed: The Element located by \"By.xpath: //select[@id='customerCurrency']//option[1]\" text is equal to \"US Dollar\".","status":"passed","stage":"finished","steps":[],"attachments":[{"name":"Screenshot - 1673373684600_checkCurrencySelectedByDefault_ValidateElementAttribute_failed","source":"ebc73735-7619-4c1f-a12b-d1ea298c95d8-attachment.png","type":"image/png"},{"name":"Validation Test Data - Failure Reason","source":"5129ae31-8d28-4b7d-b9db-df40f612c70d-attachment"}],"parameters":[{"name":"customLog","value":"Verification Failed: The Element located by \"By.xpath: //select[@id='customerCurrency']//option[1]\" text is equal to \"US Dollar\"."},{"name":"stepLog","value":"Verification \"ValidateElementAttribute\" FAILED. Expected \"Value Should be 'US Dollar' for the 'text' attribute, element locator 'By.xpath: //select[@id='customerCurrency']//option[1]'\" and Actual \"Failed to read the desired element attribute\". Comparison Type \"EQUALS\". Validation Type \"POSITIVE\"."},{"name":"attachments","value":"[[Screenshot, 1673373684600_checkCurrencySelectedByDefault_ValidateElementAttribute_failed, java.io.ByteArrayInputStream@6c430548], [Validation Test Data, Failure Reason, java.lang.AssertionError:\r\nFailed to Get text from \"US Dollar\".\r\norg.testng.Assert.fail(Assert.java:98)\r\ncom.shaft.gui.element.WebDriverElementActions.failAction(WebDriverElementActions.java:1250)\r\ncom.shaft.gui.element.WebDriverElementActions.failAction(WebDriverElementActions.java:1085)\r\ncom.shaft.gui.element.WebDriverElementActions.getText(WebDriverElementActions.java:545)\r\ncom.shaft.gui.element.ElementActions.getText(ElementActions.java:320)\r\ncom.shaft.validation.ValidationsHelper.validateElementAttribute(ValidationsHelper.java:144)\r\ncom.shaft.validation.ValidationsExecutor.perform(ValidationsExecutor.java:144)\r\nnonCommerceGUITest.HomePageUITests.checkCurrencySelectedByDefault(HomePageUITests.java:26)\r\njava.base/jdk.internal.reflect.NativeMethodAccessorImpl.invoke0(Native Method)\r\njava.base/jdk.internal.reflect.NativeMethodAccessorImpl.invoke(NativeMethodAccessorImpl.java:77)\r\njava.base/jdk.internal.reflect.DelegatingMethodAccessorImpl.invoke(DelegatingMethodAccessorImpl.java:43)\r\njava.base/java.lang.reflect.Method.invoke(Method.java:568)\r\norg.testng.internal.invokers.MethodInvocationHelper.invokeMethod(MethodInvocationHelper.java:139)\r\norg.testng.internal.invokers.TestInvoker.invokeMethod(TestInvoker.java:677)\r\norg.testng.internal.invokers.TestInvoker.invokeTestMethod(TestInvoker.java:221)\r\norg.testng.internal.invokers.MethodRunner.runInSequence(MethodRunner.java:50)\r\norg.testng.internal.invokers.TestInvoker$MethodInvocationAgent.invoke(TestInvoker.java:969)\r\norg.testng.internal.invokers.TestInvoker.invokeTestMethods(TestInvoker.java:194)\r\norg.testng.internal.invokers.TestMethodWorker.invokeTestMethods(TestMethodWorker.java:148)\r\norg.testng.internal.invokers.TestMethodWorker.run(TestMethodWorker.java:128)\r\njava.base/java.util.ArrayList.forEach(ArrayList.java:1511)\r\norg.testng.TestRunner.privateRun(TestRunner.java:829)\r\norg.testng.TestRunner.run(TestRunner.java:602)\r\norg.testng.SuiteRunner.runTest(SuiteRunner.java:437)\r\norg.testng.SuiteRunner.runSequentially(SuiteRunner.java:431)\r\norg.testng.SuiteRunner.privateRun(SuiteRunner.java:391)\r\norg.testng.SuiteRunner.run(SuiteRunner.java:330)\r\norg.testng.SuiteRunnerWorker.runSuite(SuiteRunnerWorker.java:52)\r\norg.testng.SuiteRunnerWorker.run(SuiteRunnerWorker.java:95)\r\norg.testng.TestNG.runSuitesSequentially(TestNG.java:1256)\r\norg.testng.TestNG.runSuitesLocally(TestNG.java:1176)\r\norg.testng.TestNG.runSuites(TestNG.java:1099)\r\norg.testng.TestNG.run(TestNG.java:1067)\r\norg.testng.remote.AbstractRemoteTestNG.run(AbstractRemoteTestNG.java:115)\r\norg.testng.remote.RemoteTestNG.initAndRun(RemoteTestNG.java:251)\r\norg.testng.remote.RemoteTestNG.main(RemoteTestNG.java:77)\r\n\r\nCaused by: java.lang.AssertionError:\r\nFailed to Identify unique element \"zero elements found matching this locator\" \"US Dollar\".\r\norg.testng.Assert.fail(Assert.java:98)\r\ncom.shaft.gui.element.WebDriverElementActions.failAction(WebDriverElementActions.java:1250)\r\ncom.shaft.gui.element.WebDriverElementActions.failAction(WebDriverElementActions.java:1089)\r\ncom.shaft.gui.element.WebDriverElementActions.identifyUniqueElement(WebDriverElementActions.java:1290)\r\ncom.shaft.gui.element.WebDriverElementActions.identifyUniqueElement(WebDriverElementActions.java:1102)\r\ncom.shaft.gui.element.WebDriverElementActions.getText(WebDriverElementActions.java:532)\r\ncom.shaft.gui.element.ElementActions.getText(ElementActions.java:320)\r\ncom.shaft.validation.ValidationsHelper.validateElementAttribute(ValidationsHelper.java:144)\r\ncom.shaft.validation.ValidationsExecutor.perform(ValidationsExecutor.java:144)\r\nnonCommerceGUITest.HomePageUITests.checkCurrencySelectedByDefault(HomePageUITests.java:26)\r\njava.base/jdk.internal.reflect.NativeMethodAccessorImpl.invoke0(Native Method)\r\njava.base/jdk.internal.reflect.NativeMethodAccessorImpl.invoke(NativeMethodAccessorImpl.java:77)\r\njava.base/jdk.internal.reflect.DelegatingMethodAccessorImpl.invoke(DelegatingMethodAccessorImpl.java:43)\r\njava.base/java.lang.reflect.Method.invoke(Method.java:568)\r\norg.testng.internal.invokers.MethodInvocationHelper.invokeMethod(MethodInvocationHelper.java:139)\r\norg.testng.internal.invokers.TestInvoker.invokeMethod(TestInvoker.java:677)\r\norg.testng.internal.invokers.TestInvoker.invokeTestMethod(TestInvoker.java:221)\r\norg.testng.internal.invokers.MethodRunner.runInSequence(MethodRunner.java:50)\r\norg.testng.internal.invokers.TestInvoker$MethodInvocationAgent.invoke(TestInvoker.java:969)\r\norg.testng.internal.invokers.TestInvoker.invokeTestMethods(TestInvoker.java:194)\r\norg.testng.internal.invokers.TestMethodWorker.invokeTestMethods(TestMethodWorker.java:148)\r\norg.testng.internal.invokers.TestMethodWorker.run(TestMethodWorker.java:128)\r\njava.base/java.util.ArrayList.forEach(ArrayList.java:1511)\r\norg.testng.TestRunner.privateRun(TestRunner.java:829)\r\norg.testng.TestRunner.run(TestRunner.java:602)\r\norg.testng.SuiteRunner.runTest(SuiteRunner.java:437)\r\norg.testng.SuiteRunner.runSequentially(SuiteRunner.java:431)\r\norg.testng.SuiteRunner.privateRun(SuiteRunner.java:391)\r\norg.testng.SuiteRunner.run(SuiteRunner.java:330)\r\norg.testng.SuiteRunnerWorker.runSuite(SuiteRunnerWorker.java:52)\r\norg.testng.SuiteRunnerWorker.run(SuiteRunnerWorker.java:95)\r\norg.testng.TestNG.runSuitesSequentially(TestNG.java:1256)\r\norg.testng.TestNG.runSuitesLocally(TestNG.java:1176)\r\norg.testng.TestNG.runSuites(TestNG.java:1099)\r\norg.testng.TestNG.run(TestNG.java:1067)\r\norg.testng.remote.AbstractRemoteTestNG.run(AbstractRemoteTestNG.java:115)\r\norg.testng.remote.RemoteTestNG.initAndRun(RemoteTestNG.java:251)\r\norg.testng.remote.RemoteTestNG.main(RemoteTestNG.java:77)\r\n\r\nCaused by: org.openqa.selenium.TimeoutException:\r\nExpected condition failed: waiting for com.shaft.gui.element.ElementActionsHelper$$Lambda$710/0x00000008011cd480@4e08c557 (tried for 60 second(s) with 100 milliseconds interval)\r\norg.openqa.selenium.support.ui.FluentWait.timeoutException(FluentWait.java:263)\r\norg.openqa.selenium.support.ui.FluentWait.until(FluentWait.java:231)\r\ncom.shaft.gui.element.ElementActionsHelper.waitForElementPresence(ElementActionsHelper.java:109)\r\ncom.shaft.gui.element.ElementActionsHelper.waitForElementPresence(ElementActionsHelper.java:48)\r\ncom.shaft.gui.element.WebDriverElementActions.getMatchingElementsInformation(WebDriverElementActions.java:1269)\r\ncom.shaft.gui.element.WebDriverElementActions.identifyUniqueElement(WebDriverElementActions.java:1283)\r\ncom.shaft.gui.element.WebDriverElementActions.identifyUniqueElement(WebDriverElementActions.java:1102)\r\ncom.shaft.gui.element.WebDriverElementActions.getText(WebDriverElementActions.java:532)\r\ncom.shaft.gui.element.ElementActions.getText(ElementActions.java:320)\r\ncom.shaft.validation.ValidationsHelper.validateElementAttribute(ValidationsHelper.java:144)\r\ncom.shaft.validation.ValidationsExecutor.perform(ValidationsExecutor.java:144)\r\nnonCommerceGUITest.HomePageUITests.checkCurrencySelectedByDefault(HomePageUITests.java:26)\r\njava.base/jdk.internal.reflect.NativeMethodAccessorImpl.invoke0(Native Method)\r\njava.base/jdk.internal.reflect.NativeMethodAccessorImpl.invoke(NativeMethodAccessorImpl.java:77)\r\njava.base/jdk.internal.reflect.DelegatingMethodAccessorImpl.invoke(DelegatingMethodAccessorImpl.java:43)\r\njava.base/java.lang.reflect.Method.invoke(Method.java:568)\r\norg.testng.internal.invokers.MethodInvocationHelper.invokeMethod(MethodInvocationHelper.java:139)\r\norg.testng.internal.invokers.TestInvoker.invokeMethod(TestInvoker.java:677)\r\norg.testng.internal.invokers.TestInvoker.invokeTestMethod(TestInvoker.java:221)\r\norg.testng.internal.invokers.MethodRunner.runInSequence(MethodRunner.java:50)\r\norg.testng.internal.invokers.TestInvoker$MethodInvocationAgent.invoke(TestInvoker.java:969)\r\norg.testng.internal.invokers.TestInvoker.invokeTestMethods(TestInvoker.java:194)\r\norg.testng.internal.invokers.TestMethodWorker.invokeTestMethods(TestMethodWorker.java:148)\r\norg.testng.internal.invokers.TestMethodWorker.run(TestMethodWorker.java:128)\r\njava.base/java.util.ArrayList.forEach(ArrayList.java:1511)\r\norg.testng.TestRunner.privateRun(TestRunner.java:829)\r\norg.testng.TestRunner.run(TestRunner.java:602)\r\norg.testng.SuiteRunner.runTest(SuiteRunner.java:437)\r\norg.testng.SuiteRunner.runSequentially(SuiteRunner.java:431)\r\norg.testng.SuiteRunner.privateRun(SuiteRunner.java:391)\r\norg.testng.SuiteRunner.run(SuiteRunner.java:330)\r\norg.testng.SuiteRunnerWorker.runSuite(SuiteRunnerWorker.java:52)\r\norg.testng.SuiteRunnerWorker.run(SuiteRunnerWorker.java:95)\r\norg.testng.TestNG.runSuitesSequentially(TestNG.java:1256)\r\norg.testng.TestNG.runSuitesLocally(TestNG.java:1176)\r\norg.testng.TestNG.runSuites(TestNG.java:1099)\r\norg.testng.TestNG.run(TestNG.java:1067)\r\norg.testng.remote.AbstractRemoteTestNG.run(AbstractRemoteTestNG.java:115)\r\norg.testng.remote.RemoteTestNG.initAndRun(RemoteTestNG.java:251)\r\norg.testng.remote.RemoteTestNG.main(RemoteTestNG.java:77)\r\n\r\nCaused by: org.openqa.selenium.ElementNotInteractableException:\r\nelement not interactable: [object HTMLOptionElement] has no size and location\n  (Session info: chrome=108.0.5359.125)\nBuild info: version: '4.7.2', revision: '4d4020c3b7'\nSystem info: os.name: 'Windows 10', os.arch: 'amd64', os.version: '10.0', java.version: '17.0.5'\nDriver info: org.openqa.selenium.chrome.ChromeDriver\nCommand: [edf1ec125ba1e02647cca30ed9edefa3, actions {actions=[org.openqa.selenium.interactions.Sequence@1db7acc9]}]\nCapabilities {acceptInsecureCerts: true, browserName: chrome, browserVersion: 108.0.5359.125, chrome: {chromedriverVersion: 108.0.5359.71 (1e0e3868ee06..., userDataDir: C:\\Users\\CM\\AppData\\Local\\T...}, goog:chromeOptions: {debuggerAddress: localhost:49736}, networkConnectionEnabled: false, pageLoadStrategy: normal, platformName: WINDOWS, proxy: Proxy(), se:cdp: ws://localhost:49736/devtoo..., se:cdpVersion: 108.0.5359.125, setWindowRect: true, strictFileInteractability: false, timeouts: {implicit: 0, pageLoad: 30000, script: 30000}, unhandledPromptBehavior: accept and notify, webauthn:extension:credBlob: true, webauthn:extension:largeBlob: true, webauthn:virtualAuthenticators: true}\nSession ID: edf1ec125ba1e02647cca30ed9edefa3\r\njdk.internal.reflect.GeneratedConstructorAccessor20.newInstance(Unknown Source)\r\njava.base/jdk.internal.reflect.DelegatingConstructorAccessorImpl.newInstance(DelegatingConstructorAccessorImpl.java:45)\r\njava.base/java.lang.reflect.Constructor.newInstanceWithCaller(Constructor.java:499)\r\njava.base/java.lang.reflect.Constructor.newInstance(Constructor.java:480)\r\norg.openqa.selenium.remote.codec.w3c.W3CHttpResponseCodec.createException(W3CHttpResponseCodec.java:200)\r\norg.openqa.selenium.remote.codec.w3c.W3CHttpResponseCodec.decode(W3CHttpResponseCodec.java:133)\r\norg.openqa.selenium.remote.codec.w3c.W3CHttpResponseCodec.decode(W3CHttpResponseCodec.java:53)\r\norg.openqa.selenium.remote.HttpCommandExecutor.execute(HttpCommandExecutor.java:184)\r\norg.openqa.selenium.remote.service.DriverCommandExecutor.invokeExecute(DriverCommandExecutor.java:167)\r\norg.openqa.selenium.remote.service.DriverCommandExecutor.execute(DriverCommandExecutor.java:142)\r\norg.openqa.selenium.remote.RemoteWebDriver.execute(RemoteWebDriver.java:535)\r\norg.openqa.selenium.remote.RemoteWebDriver.perform(RemoteWebDriver.java:603)\r\norg.openqa.selenium.interactions.Actions$BuiltAction.perform(Actions.java:567)\r\norg.openqa.selenium.interactions.Actions.perform(Actions.java:536)\r\ncom.shaft.gui.element.ElementActionsHelper.lambda$waitForElementPresence$0(ElementActionsHelper.java:116)\r\norg.openqa.selenium.support.ui.FluentWait.until(FluentWait.java:208)\r\ncom.shaft.gui.element.ElementActionsHelper.waitForElementPresence(ElementActionsHelper.java:109)\r\ncom.shaft.gui.element.ElementActionsHelper.waitForElementPresence(ElementActionsHelper.java:48)\r\ncom.shaft.gui.element.WebDriverElementActions.getMatchingElementsInformation(WebDriverElementActions.java:1269)\r\ncom.shaft.gui.element.WebDriverElementActions.identifyUniqueElement(WebDriverElementActions.java:1283)\r\ncom.shaft.gui.element.WebDriverElementActions.identifyUniqueElement(WebDriverElementActions.java:1102)\r\ncom.shaft.gui.element.WebDriverElementActions.getText(WebDriverElementActions.java:532)\r\ncom.shaft.gui.element.ElementActions.getText(ElementActions.java:320)\r\ncom.shaft.validation.ValidationsHelper.validateElementAttribute(ValidationsHelper.java:144)\r\ncom.shaft.validation.ValidationsExecutor.perform(ValidationsExecutor.java:144)\r\nnonCommerceGUITest.HomePageUITests.checkCurrencySelectedByDefault(HomePageUITests.java:26)\r\njava.base/jdk.internal.reflect.NativeMethodAccessorImpl.invoke0(Native Method)\r\njava.base/jdk.internal.reflect.NativeMethodAccessorImpl.invoke(NativeMethodAccessorImpl.java:77)\r\njava.base/jdk.internal.reflect.DelegatingMethodAccessorImpl.invoke(DelegatingMethodAccessorImpl.java:43)\r\njava.base/java.lang.reflect.Method.invoke(Method.java:568)\r\norg.testng.internal.invokers.MethodInvocationHelper.invokeMethod(MethodInvocationHelper.java:139)\r\norg.testng.internal.invokers.TestInvoker.invokeMethod(TestInvoker.java:677)\r\norg.testng.internal.invokers.TestInvoker.invokeTestMethod(TestInvoker.java:221)\r\norg.testng.internal.invokers.MethodRunner.runInSequence(MethodRunner.java:50)\r\norg.testng.internal.invokers.TestInvoker$MethodInvocationAgent.invoke(TestInvoker.java:969)\r\norg.testng.internal.invokers.TestInvoker.invokeTestMethods(TestInvoker.java:194)\r\norg.testng.internal.invokers.TestMethodWorker.invokeTestMethods(TestMethodWorker.java:148)\r\norg.testng.internal.invokers.TestMethodWorker.run(TestMethodWorker.java:128)\r\njava.base/java.util.ArrayList.forEach(ArrayList.java:1511)\r\norg.testng.TestRunner.privateRun(TestRunner.java:829)\r\norg.testng.TestRunner.run(TestRunner.java:602)\r\norg.testng.SuiteRunner.runTest(SuiteRunner.java:437)\r\norg.testng.SuiteRunner.runSequentially(SuiteRunner.java:431)\r\norg.testng.SuiteRunner.privateRun(SuiteRunner.java:391)\r\norg.testng.SuiteRunner.run(SuiteRunner.java:330)\r\norg.testng.SuiteRunnerWorker.runSuite(SuiteRunnerWorker.java:52)\r\norg.testng.SuiteRunnerWorker.run(SuiteRunnerWorker.java:95)\r\norg.testng.TestNG.runSuitesSequentially(TestNG.java:1256)\r\norg.testng.TestNG.runSuitesLocally(TestNG.java:1176)\r\norg.testng.TestNG.runSuites(TestNG.java:1099)\r\norg.testng.TestNG.run(TestNG.java:1067)\r\norg.testng.remote.AbstractRemoteTestNG.run(AbstractRemoteTestNG.java:115)\r\norg.testng.remote.RemoteTestNG.initAndRun(RemoteTestNG.java:251)\r\norg.testng.remote.RemoteTestNG.main(RemoteTestNG.java:77)\r\n]]"}],"start":1673373685758,"stop":1673373685804}],"attachments":[{"name":"SHAFT Engine Logs - Current Method log: checkCurrencySelectedByDefault","source":"5d29b383-78af-46e0-ae73-510243a5368b-attachment.txt","type":"text/plain"}],"parameters":[],"start":1673373623375,"stop":1673373685819}